[2015-07-12 22:23:30] production.ERROR: exception 'Symfony\Component\Debug\Exception\FatalErrorException' with message 'Call to a member function join() on string' in C:\xampp\htdocs\hmiv\app\models\historias_medicas_pediatricas\AlergiasPacientePediatrico.php:63
Stack trace:
#0 [internal function]: Illuminate\Exception\Handler->handleShutdown()
#1 {main} [] []
[2015-07-12 22:23:34] production.ERROR: exception 'Symfony\Component\Debug\Exception\FatalErrorException' with message 'Call to a member function join() on string' in C:\xampp\htdocs\hmiv\app\models\historias_medicas_pediatricas\AlergiasPacientePediatrico.php:63
Stack trace:
#0 [internal function]: Illuminate\Exception\Handler->handleShutdown()
#1 {main} [] []
[2015-07-12 22:23:35] production.ERROR: exception 'Symfony\Component\Debug\Exception\FatalErrorException' with message 'Call to a member function join() on string' in C:\xampp\htdocs\hmiv\app\models\historias_medicas_pediatricas\AlergiasPacientePediatrico.php:63
Stack trace:
#0 [internal function]: Illuminate\Exception\Handler->handleShutdown()
#1 {main} [] []
[2015-07-12 22:23:36] production.ERROR: exception 'Symfony\Component\Debug\Exception\FatalErrorException' with message 'Call to a member function join() on string' in C:\xampp\htdocs\hmiv\app\models\historias_medicas_pediatricas\AlergiasPacientePediatrico.php:63
Stack trace:
#0 [internal function]: Illuminate\Exception\Handler->handleShutdown()
#1 {main} [] []
[2015-07-12 22:23:50] production.ERROR: exception 'Symfony\Component\Debug\Exception\FatalErrorException' with message 'Call to a member function join() on string' in C:\xampp\htdocs\hmiv\app\models\historias_medicas_pediatricas\AlergiasPacientePediatrico.php:63
Stack trace:
#0 [internal function]: Illuminate\Exception\Handler->handleShutdown()
#1 {main} [] []
[2015-07-12 22:23:51] production.ERROR: exception 'Symfony\Component\Debug\Exception\FatalErrorException' with message 'Call to a member function join() on string' in C:\xampp\htdocs\hmiv\app\models\historias_medicas_pediatricas\AlergiasPacientePediatrico.php:63
Stack trace:
#0 [internal function]: Illuminate\Exception\Handler->handleShutdown()
#1 {main} [] []
[2015-07-12 22:23:55] production.ERROR: exception 'Symfony\Component\Debug\Exception\FatalErrorException' with message 'Call to a member function join() on string' in C:\xampp\htdocs\hmiv\app\models\historias_medicas_pediatricas\AlergiasPacientePediatrico.php:63
Stack trace:
#0 [internal function]: Illuminate\Exception\Handler->handleShutdown()
#1 {main} [] []
[2015-07-12 22:23:56] production.ERROR: exception 'Symfony\Component\Debug\Exception\FatalErrorException' with message 'Call to a member function join() on string' in C:\xampp\htdocs\hmiv\app\models\historias_medicas_pediatricas\AlergiasPacientePediatrico.php:63
Stack trace:
#0 [internal function]: Illuminate\Exception\Handler->handleShutdown()
#1 {main} [] []
[2015-07-12 22:23:56] production.ERROR: exception 'Symfony\Component\Debug\Exception\FatalErrorException' with message 'Call to a member function join() on string' in C:\xampp\htdocs\hmiv\app\models\historias_medicas_pediatricas\AlergiasPacientePediatrico.php:63
Stack trace:
#0 [internal function]: Illuminate\Exception\Handler->handleShutdown()
#1 {main} [] []
[2015-07-12 22:25:35] production.ERROR: exception 'Symfony\Component\Debug\Exception\FatalErrorException' with message 'Call to a member function join() on string' in C:\xampp\htdocs\hmiv\app\models\historias_medicas_pediatricas\AlergiasPacientePediatrico.php:63
Stack trace:
#0 [internal function]: Illuminate\Exception\Handler->handleShutdown()
#1 {main} [] []
[2015-07-12 22:25:37] production.ERROR: exception 'Symfony\Component\Debug\Exception\FatalErrorException' with message 'Call to a member function join() on string' in C:\xampp\htdocs\hmiv\app\models\historias_medicas_pediatricas\AlergiasPacientePediatrico.php:63
Stack trace:
#0 [internal function]: Illuminate\Exception\Handler->handleShutdown()
#1 {main} [] []
[2015-07-12 22:25:37] production.ERROR: exception 'Symfony\Component\Debug\Exception\FatalErrorException' with message 'Call to a member function join() on string' in C:\xampp\htdocs\hmiv\app\models\historias_medicas_pediatricas\AlergiasPacientePediatrico.php:63
Stack trace:
#0 [internal function]: Illuminate\Exception\Handler->handleShutdown()
#1 {main} [] []
[2015-07-12 22:25:38] production.ERROR: exception 'Symfony\Component\Debug\Exception\FatalErrorException' with message 'Call to a member function join() on string' in C:\xampp\htdocs\hmiv\app\models\historias_medicas_pediatricas\AlergiasPacientePediatrico.php:63
Stack trace:
#0 [internal function]: Illuminate\Exception\Handler->handleShutdown()
#1 {main} [] []
[2015-07-12 22:25:40] production.ERROR: exception 'Symfony\Component\Debug\Exception\FatalErrorException' with message 'Call to a member function join() on string' in C:\xampp\htdocs\hmiv\app\models\historias_medicas_pediatricas\AlergiasPacientePediatrico.php:63
Stack trace:
#0 [internal function]: Illuminate\Exception\Handler->handleShutdown()
#1 {main} [] []
[2015-07-12 22:26:11] production.ERROR: exception 'Symfony\Component\Debug\Exception\FatalErrorException' with message 'Call to a member function join() on string' in C:\xampp\htdocs\hmiv\app\models\historias_medicas_pediatricas\AlergiasPacientePediatrico.php:63
Stack trace:
#0 [internal function]: Illuminate\Exception\Handler->handleShutdown()
#1 {main} [] []
[2015-07-12 22:26:12] production.ERROR: exception 'Symfony\Component\Debug\Exception\FatalErrorException' with message 'Call to a member function join() on string' in C:\xampp\htdocs\hmiv\app\models\historias_medicas_pediatricas\AlergiasPacientePediatrico.php:63
Stack trace:
#0 [internal function]: Illuminate\Exception\Handler->handleShutdown()
#1 {main} [] []
[2015-07-12 22:26:45] production.ERROR: exception 'Symfony\Component\Debug\Exception\FatalErrorException' with message 'Call to a member function join() on string' in C:\xampp\htdocs\hmiv\app\models\historias_medicas_pediatricas\AlergiasPacientePediatrico.php:63
Stack trace:
#0 [internal function]: Illuminate\Exception\Handler->handleShutdown()
#1 {main} [] []
[2015-07-12 22:26:46] production.ERROR: exception 'Symfony\Component\Debug\Exception\FatalErrorException' with message 'Call to a member function join() on string' in C:\xampp\htdocs\hmiv\app\models\historias_medicas_pediatricas\AlergiasPacientePediatrico.php:63
Stack trace:
#0 [internal function]: Illuminate\Exception\Handler->handleShutdown()
#1 {main} [] []
[2015-07-12 22:26:56] production.ERROR: exception 'Symfony\Component\Debug\Exception\FatalErrorException' with message 'Call to a member function join() on string' in C:\xampp\htdocs\hmiv\app\models\historias_medicas_pediatricas\AlergiasPacientePediatrico.php:63
Stack trace:
#0 [internal function]: Illuminate\Exception\Handler->handleShutdown()
#1 {main} [] []
[2015-07-12 22:27:52] production.ERROR: exception 'Symfony\Component\Debug\Exception\FatalErrorException' with message 'Call to a member function join() on string' in C:\xampp\htdocs\hmiv\app\models\historias_medicas_pediatricas\AlergiasPacientePediatrico.php:63
Stack trace:
#0 [internal function]: Illuminate\Exception\Handler->handleShutdown()
#1 {main} [] []
[2015-07-12 22:28:35] production.ERROR: exception 'Symfony\Component\Debug\Exception\FatalErrorException' with message 'Call to a member function join() on string' in C:\xampp\htdocs\hmiv\app\models\historias_medicas_pediatricas\AlergiasPacientePediatrico.php:63
Stack trace:
#0 [internal function]: Illuminate\Exception\Handler->handleShutdown()
#1 {main} [] []
[2015-07-12 23:02:05] production.ERROR: exception 'ErrorException' with message 'Undefined property: Illuminate\Database\Eloquent\Builder::$toSql' in C:\xampp\htdocs\hmiv\app\models\historias_medicas_pediatricas\AlergiasPacientePediatrico.php:115
Stack trace:
#0 C:\xampp\htdocs\hmiv\app\models\historias_medicas_pediatricas\AlergiasPacientePediatrico.php(115): Illuminate\Exception\Handler->handleError(8, 'Undefined prope...', 'C:\\xampp\\htdocs...', 115, Array)
#1 C:\xampp\htdocs\hmiv\app\controllers\historias_medicas_pediatricas\HistoriaMedicaFederadaController.php(107): AlergiasPacientePediatrico::borrarAlergiaPaciente(Array)
#2 [internal function]: HistoriaMedicaFederadaController->borrar_alergia_guardada()
#3 C:\xampp\htdocs\hmiv\vendor\laravel\framework\src\Illuminate\Routing\Controller.php(231): call_user_func_array(Array, Array)
#4 C:\xampp\htdocs\hmiv\vendor\laravel\framework\src\Illuminate\Routing\ControllerDispatcher.php(93): Illuminate\Routing\Controller->callAction('borrar_alergia_...', Array)
#5 C:\xampp\htdocs\hmiv\vendor\laravel\framework\src\Illuminate\Routing\ControllerDispatcher.php(62): Illuminate\Routing\ControllerDispatcher->call(Object(HistoriaMedicaFederadaController), Object(Illuminate\Routing\Route), 'borrar_alergia_...')
#6 C:\xampp\htdocs\hmiv\vendor\laravel\framework\src\Illuminate\Routing\Router.php(967): Illuminate\Routing\ControllerDispatcher->dispatch(Object(Illuminate\Routing\Route), Object(Illuminate\Http\Request), 'HistoriaMedicaF...', 'borrar_alergia_...')
#7 [internal function]: Illuminate\Routing\Router->Illuminate\Routing\{closure}()
#8 C:\xampp\htdocs\hmiv\vendor\laravel\framework\src\Illuminate\Routing\Route.php(109): call_user_func_array(Object(Closure), Array)
#9 C:\xampp\htdocs\hmiv\vendor\laravel\framework\src\Illuminate\Routing\Router.php(1033): Illuminate\Routing\Route->run(Object(Illuminate\Http\Request))
#10 C:\xampp\htdocs\hmiv\vendor\laravel\framework\src\Illuminate\Routing\Router.php(1001): Illuminate\Routing\Router->dispatchToRoute(Object(Illuminate\Http\Request))
#11 C:\xampp\htdocs\hmiv\vendor\laravel\framework\src\Illuminate\Foundation\Application.php(775): Illuminate\Routing\Router->dispatch(Object(Illuminate\Http\Request))
#12 C:\xampp\htdocs\hmiv\vendor\laravel\framework\src\Illuminate\Foundation\Application.php(745): Illuminate\Foundation\Application->dispatch(Object(Illuminate\Http\Request))
#13 C:\xampp\htdocs\hmiv\vendor\laravel\framework\src\Illuminate\Session\Middleware.php(72): Illuminate\Foundation\Application->handle(Object(Illuminate\Http\Request), 1, true)
#14 C:\xampp\htdocs\hmiv\vendor\laravel\framework\src\Illuminate\Cookie\Queue.php(47): Illuminate\Session\Middleware->handle(Object(Illuminate\Http\Request), 1, true)
#15 C:\xampp\htdocs\hmiv\vendor\laravel\framework\src\Illuminate\Cookie\Guard.php(51): Illuminate\Cookie\Queue->handle(Object(Illuminate\Http\Request), 1, true)
#16 C:\xampp\htdocs\hmiv\vendor\stack\builder\src\Stack\StackedHttpKernel.php(23): Illuminate\Cookie\Guard->handle(Object(Illuminate\Http\Request), 1, true)
#17 C:\xampp\htdocs\hmiv\vendor\laravel\framework\src\Illuminate\Foundation\Application.php(641): Stack\StackedHttpKernel->handle(Object(Illuminate\Http\Request))
#18 C:\xampp\htdocs\hmiv\public\index.php(49): Illuminate\Foundation\Application->run()
#19 {main} [] []
[2015-07-12 23:06:07] production.ERROR: exception 'ErrorException' with message 'Non-static method Illuminate\Database\Eloquent\Model::delete() should not be called statically' in C:\xampp\htdocs\hmiv\app\models\historias_medicas_pediatricas\AlergiasPacientePediatrico.php:126
Stack trace:
#0 C:\xampp\htdocs\hmiv\app\models\historias_medicas_pediatricas\AlergiasPacientePediatrico.php(126): Illuminate\Exception\Handler->handleError(2048, 'Non-static meth...', 'C:\\xampp\\htdocs...', 126, Array)
#1 C:\xampp\htdocs\hmiv\app\models\historias_medicas_pediatricas\AlergiasPacientePediatrico.php(126): Illuminate\Database\Eloquent\Model::delete()
#2 C:\xampp\htdocs\hmiv\app\controllers\historias_medicas_pediatricas\HistoriaMedicaFederadaController.php(107): AlergiasPacientePediatrico::borrarAlergiaPaciente(Array)
#3 [internal function]: HistoriaMedicaFederadaController->borrar_alergia_guardada()
#4 C:\xampp\htdocs\hmiv\vendor\laravel\framework\src\Illuminate\Routing\Controller.php(231): call_user_func_array(Array, Array)
#5 C:\xampp\htdocs\hmiv\vendor\laravel\framework\src\Illuminate\Routing\ControllerDispatcher.php(93): Illuminate\Routing\Controller->callAction('borrar_alergia_...', Array)
#6 C:\xampp\htdocs\hmiv\vendor\laravel\framework\src\Illuminate\Routing\ControllerDispatcher.php(62): Illuminate\Routing\ControllerDispatcher->call(Object(HistoriaMedicaFederadaController), Object(Illuminate\Routing\Route), 'borrar_alergia_...')
#7 C:\xampp\htdocs\hmiv\vendor\laravel\framework\src\Illuminate\Routing\Router.php(967): Illuminate\Routing\ControllerDispatcher->dispatch(Object(Illuminate\Routing\Route), Object(Illuminate\Http\Request), 'HistoriaMedicaF...', 'borrar_alergia_...')
#8 [internal function]: Illuminate\Routing\Router->Illuminate\Routing\{closure}()
#9 C:\xampp\htdocs\hmiv\vendor\laravel\framework\src\Illuminate\Routing\Route.php(109): call_user_func_array(Object(Closure), Array)
#10 C:\xampp\htdocs\hmiv\vendor\laravel\framework\src\Illuminate\Routing\Router.php(1033): Illuminate\Routing\Route->run(Object(Illuminate\Http\Request))
#11 C:\xampp\htdocs\hmiv\vendor\laravel\framework\src\Illuminate\Routing\Router.php(1001): Illuminate\Routing\Router->dispatchToRoute(Object(Illuminate\Http\Request))
#12 C:\xampp\htdocs\hmiv\vendor\laravel\framework\src\Illuminate\Foundation\Application.php(775): Illuminate\Routing\Router->dispatch(Object(Illuminate\Http\Request))
#13 C:\xampp\htdocs\hmiv\vendor\laravel\framework\src\Illuminate\Foundation\Application.php(745): Illuminate\Foundation\Application->dispatch(Object(Illuminate\Http\Request))
#14 C:\xampp\htdocs\hmiv\vendor\laravel\framework\src\Illuminate\Session\Middleware.php(72): Illuminate\Foundation\Application->handle(Object(Illuminate\Http\Request), 1, true)
#15 C:\xampp\htdocs\hmiv\vendor\laravel\framework\src\Illuminate\Cookie\Queue.php(47): Illuminate\Session\Middleware->handle(Object(Illuminate\Http\Request), 1, true)
#16 C:\xampp\htdocs\hmiv\vendor\laravel\framework\src\Illuminate\Cookie\Guard.php(51): Illuminate\Cookie\Queue->handle(Object(Illuminate\Http\Request), 1, true)
#17 C:\xampp\htdocs\hmiv\vendor\stack\builder\src\Stack\StackedHttpKernel.php(23): Illuminate\Cookie\Guard->handle(Object(Illuminate\Http\Request), 1, true)
#18 C:\xampp\htdocs\hmiv\vendor\laravel\framework\src\Illuminate\Foundation\Application.php(641): Stack\StackedHttpKernel->handle(Object(Illuminate\Http\Request))
#19 C:\xampp\htdocs\hmiv\public\index.php(49): Illuminate\Foundation\Application->run()
#20 {main} [] []
[2015-07-12 23:06:13] production.ERROR: exception 'ErrorException' with message 'Non-static method Illuminate\Database\Eloquent\Model::delete() should not be called statically' in C:\xampp\htdocs\hmiv\app\models\historias_medicas_pediatricas\AlergiasPacientePediatrico.php:126
Stack trace:
#0 C:\xampp\htdocs\hmiv\app\models\historias_medicas_pediatricas\AlergiasPacientePediatrico.php(126): Illuminate\Exception\Handler->handleError(2048, 'Non-static meth...', 'C:\\xampp\\htdocs...', 126, Array)
#1 C:\xampp\htdocs\hmiv\app\models\historias_medicas_pediatricas\AlergiasPacientePediatrico.php(126): Illuminate\Database\Eloquent\Model::delete()
#2 C:\xampp\htdocs\hmiv\app\controllers\historias_medicas_pediatricas\HistoriaMedicaFederadaController.php(107): AlergiasPacientePediatrico::borrarAlergiaPaciente(Array)
#3 [internal function]: HistoriaMedicaFederadaController->borrar_alergia_guardada()
#4 C:\xampp\htdocs\hmiv\vendor\laravel\framework\src\Illuminate\Routing\Controller.php(231): call_user_func_array(Array, Array)
#5 C:\xampp\htdocs\hmiv\vendor\laravel\framework\src\Illuminate\Routing\ControllerDispatcher.php(93): Illuminate\Routing\Controller->callAction('borrar_alergia_...', Array)
#6 C:\xampp\htdocs\hmiv\vendor\laravel\framework\src\Illuminate\Routing\ControllerDispatcher.php(62): Illuminate\Routing\ControllerDispatcher->call(Object(HistoriaMedicaFederadaController), Object(Illuminate\Routing\Route), 'borrar_alergia_...')
#7 C:\xampp\htdocs\hmiv\vendor\laravel\framework\src\Illuminate\Routing\Router.php(967): Illuminate\Routing\ControllerDispatcher->dispatch(Object(Illuminate\Routing\Route), Object(Illuminate\Http\Request), 'HistoriaMedicaF...', 'borrar_alergia_...')
#8 [internal function]: Illuminate\Routing\Router->Illuminate\Routing\{closure}()
#9 C:\xampp\htdocs\hmiv\vendor\laravel\framework\src\Illuminate\Routing\Route.php(109): call_user_func_array(Object(Closure), Array)
#10 C:\xampp\htdocs\hmiv\vendor\laravel\framework\src\Illuminate\Routing\Router.php(1033): Illuminate\Routing\Route->run(Object(Illuminate\Http\Request))
#11 C:\xampp\htdocs\hmiv\vendor\laravel\framework\src\Illuminate\Routing\Router.php(1001): Illuminate\Routing\Router->dispatchToRoute(Object(Illuminate\Http\Request))
#12 C:\xampp\htdocs\hmiv\vendor\laravel\framework\src\Illuminate\Foundation\Application.php(775): Illuminate\Routing\Router->dispatch(Object(Illuminate\Http\Request))
#13 C:\xampp\htdocs\hmiv\vendor\laravel\framework\src\Illuminate\Foundation\Application.php(745): Illuminate\Foundation\Application->dispatch(Object(Illuminate\Http\Request))
#14 C:\xampp\htdocs\hmiv\vendor\laravel\framework\src\Illuminate\Session\Middleware.php(72): Illuminate\Foundation\Application->handle(Object(Illuminate\Http\Request), 1, true)
#15 C:\xampp\htdocs\hmiv\vendor\laravel\framework\src\Illuminate\Cookie\Queue.php(47): Illuminate\Session\Middleware->handle(Object(Illuminate\Http\Request), 1, true)
#16 C:\xampp\htdocs\hmiv\vendor\laravel\framework\src\Illuminate\Cookie\Guard.php(51): Illuminate\Cookie\Queue->handle(Object(Illuminate\Http\Request), 1, true)
#17 C:\xampp\htdocs\hmiv\vendor\stack\builder\src\Stack\StackedHttpKernel.php(23): Illuminate\Cookie\Guard->handle(Object(Illuminate\Http\Request), 1, true)
#18 C:\xampp\htdocs\hmiv\vendor\laravel\framework\src\Illuminate\Foundation\Application.php(641): Stack\StackedHttpKernel->handle(Object(Illuminate\Http\Request))
#19 C:\xampp\htdocs\hmiv\public\index.php(49): Illuminate\Foundation\Application->run()
#20 {main} [] []
[2015-07-13 21:43:07] production.ERROR: exception 'Symfony\Component\Debug\Exception\FatalErrorException' with message 'syntax error, unexpected 'endif' (T_ENDIF)' in C:\xampp\htdocs\hmiv\app\storage\views\c8231fbe43e1a78189f7725815dbc696:582
Stack trace:
#0 [internal function]: Illuminate\Exception\Handler->handleShutdown()
#1 {main} [] []
[2015-07-13 23:58:40] production.ERROR: exception 'Symfony\Component\Debug\Exception\FatalErrorException' with message 'Class 'Hospitalizacion' not found' in C:\xampp\htdocs\hmiv\app\controllers\historias_medicas_pediatricas\HistoriaMedicaFederadaController.php:116
Stack trace:
#0 [internal function]: Illuminate\Exception\Handler->handleShutdown()
#1 {main} [] []
[2015-07-13 23:59:29] production.ERROR: exception 'Symfony\Component\Debug\Exception\FatalErrorException' with message 'Class 'Hospitalizacion' not found' in C:\xampp\htdocs\hmiv\app\controllers\historias_medicas_pediatricas\HistoriaMedicaFederadaController.php:116
Stack trace:
#0 [internal function]: Illuminate\Exception\Handler->handleShutdown()
#1 {main} [] []
[2015-07-13 23:59:52] production.ERROR: exception 'Symfony\Component\Debug\Exception\FatalErrorException' with message 'Class 'Hospitalizacion' not found' in C:\xampp\htdocs\hmiv\app\controllers\historias_medicas_pediatricas\HistoriaMedicaFederadaController.php:116
Stack trace:
#0 [internal function]: Illuminate\Exception\Handler->handleShutdown()
#1 {main} [] []
[2015-07-14 00:00:24] production.ERROR: exception 'ErrorException' with message 'Missing argument 1 for Hospitalizacion::obtenerHistoricoHospitalizacionJSON(), called in C:\xampp\htdocs\hmiv\app\controllers\historias_medicas_pediatricas\HistoriaMedicaFederadaController.php on line 116 and defined' in C:\xampp\htdocs\hmiv\app\models\historias_medicas_pediatricas\Hospitalizacion.php:14
Stack trace:
#0 C:\xampp\htdocs\hmiv\app\models\historias_medicas_pediatricas\Hospitalizacion.php(14): Illuminate\Exception\Handler->handleError(2, 'Missing argumen...', 'C:\\xampp\\htdocs...', 14, Array)
#1 C:\xampp\htdocs\hmiv\app\controllers\historias_medicas_pediatricas\HistoriaMedicaFederadaController.php(116): Hospitalizacion::obtenerHistoricoHospitalizacionJSON()
#2 [internal function]: HistoriaMedicaFederadaController->obtener_hospitalizacion_paciente()
#3 C:\xampp\htdocs\hmiv\vendor\laravel\framework\src\Illuminate\Routing\Controller.php(231): call_user_func_array(Array, Array)
#4 C:\xampp\htdocs\hmiv\vendor\laravel\framework\src\Illuminate\Routing\ControllerDispatcher.php(93): Illuminate\Routing\Controller->callAction('obtener_hospita...', Array)
#5 C:\xampp\htdocs\hmiv\vendor\laravel\framework\src\Illuminate\Routing\ControllerDispatcher.php(62): Illuminate\Routing\ControllerDispatcher->call(Object(HistoriaMedicaFederadaController), Object(Illuminate\Routing\Route), 'obtener_hospita...')
#6 C:\xampp\htdocs\hmiv\vendor\laravel\framework\src\Illuminate\Routing\Router.php(967): Illuminate\Routing\ControllerDispatcher->dispatch(Object(Illuminate\Routing\Route), Object(Illuminate\Http\Request), 'HistoriaMedicaF...', 'obtener_hospita...')
#7 [internal function]: Illuminate\Routing\Router->Illuminate\Routing\{closure}()
#8 C:\xampp\htdocs\hmiv\vendor\laravel\framework\src\Illuminate\Routing\Route.php(109): call_user_func_array(Object(Closure), Array)
#9 C:\xampp\htdocs\hmiv\vendor\laravel\framework\src\Illuminate\Routing\Router.php(1033): Illuminate\Routing\Route->run(Object(Illuminate\Http\Request))
#10 C:\xampp\htdocs\hmiv\vendor\laravel\framework\src\Illuminate\Routing\Router.php(1001): Illuminate\Routing\Router->dispatchToRoute(Object(Illuminate\Http\Request))
#11 C:\xampp\htdocs\hmiv\vendor\laravel\framework\src\Illuminate\Foundation\Application.php(775): Illuminate\Routing\Router->dispatch(Object(Illuminate\Http\Request))
#12 C:\xampp\htdocs\hmiv\vendor\laravel\framework\src\Illuminate\Foundation\Application.php(745): Illuminate\Foundation\Application->dispatch(Object(Illuminate\Http\Request))
#13 C:\xampp\htdocs\hmiv\vendor\laravel\framework\src\Illuminate\Session\Middleware.php(72): Illuminate\Foundation\Application->handle(Object(Illuminate\Http\Request), 1, true)
#14 C:\xampp\htdocs\hmiv\vendor\laravel\framework\src\Illuminate\Cookie\Queue.php(47): Illuminate\Session\Middleware->handle(Object(Illuminate\Http\Request), 1, true)
#15 C:\xampp\htdocs\hmiv\vendor\laravel\framework\src\Illuminate\Cookie\Guard.php(51): Illuminate\Cookie\Queue->handle(Object(Illuminate\Http\Request), 1, true)
#16 C:\xampp\htdocs\hmiv\vendor\stack\builder\src\Stack\StackedHttpKernel.php(23): Illuminate\Cookie\Guard->handle(Object(Illuminate\Http\Request), 1, true)
#17 C:\xampp\htdocs\hmiv\vendor\laravel\framework\src\Illuminate\Foundation\Application.php(641): Stack\StackedHttpKernel->handle(Object(Illuminate\Http\Request))
#18 C:\xampp\htdocs\hmiv\public\index.php(49): Illuminate\Foundation\Application->run()
#19 {main} [] []
[2015-07-14 00:00:35] production.ERROR: exception 'ErrorException' with message 'Missing argument 1 for Hospitalizacion::obtenerHistoricoHospitalizacionJSON(), called in C:\xampp\htdocs\hmiv\app\controllers\historias_medicas_pediatricas\HistoriaMedicaFederadaController.php on line 116 and defined' in C:\xampp\htdocs\hmiv\app\models\historias_medicas_pediatricas\Hospitalizacion.php:14
Stack trace:
#0 C:\xampp\htdocs\hmiv\app\models\historias_medicas_pediatricas\Hospitalizacion.php(14): Illuminate\Exception\Handler->handleError(2, 'Missing argumen...', 'C:\\xampp\\htdocs...', 14, Array)
#1 C:\xampp\htdocs\hmiv\app\controllers\historias_medicas_pediatricas\HistoriaMedicaFederadaController.php(116): Hospitalizacion::obtenerHistoricoHospitalizacionJSON()
#2 [internal function]: HistoriaMedicaFederadaController->obtener_hospitalizacion_paciente()
#3 C:\xampp\htdocs\hmiv\vendor\laravel\framework\src\Illuminate\Routing\Controller.php(231): call_user_func_array(Array, Array)
#4 C:\xampp\htdocs\hmiv\vendor\laravel\framework\src\Illuminate\Routing\ControllerDispatcher.php(93): Illuminate\Routing\Controller->callAction('obtener_hospita...', Array)
#5 C:\xampp\htdocs\hmiv\vendor\laravel\framework\src\Illuminate\Routing\ControllerDispatcher.php(62): Illuminate\Routing\ControllerDispatcher->call(Object(HistoriaMedicaFederadaController), Object(Illuminate\Routing\Route), 'obtener_hospita...')
#6 C:\xampp\htdocs\hmiv\vendor\laravel\framework\src\Illuminate\Routing\Router.php(967): Illuminate\Routing\ControllerDispatcher->dispatch(Object(Illuminate\Routing\Route), Object(Illuminate\Http\Request), 'HistoriaMedicaF...', 'obtener_hospita...')
#7 [internal function]: Illuminate\Routing\Router->Illuminate\Routing\{closure}()
#8 C:\xampp\htdocs\hmiv\vendor\laravel\framework\src\Illuminate\Routing\Route.php(109): call_user_func_array(Object(Closure), Array)
#9 C:\xampp\htdocs\hmiv\vendor\laravel\framework\src\Illuminate\Routing\Router.php(1033): Illuminate\Routing\Route->run(Object(Illuminate\Http\Request))
#10 C:\xampp\htdocs\hmiv\vendor\laravel\framework\src\Illuminate\Routing\Router.php(1001): Illuminate\Routing\Router->dispatchToRoute(Object(Illuminate\Http\Request))
#11 C:\xampp\htdocs\hmiv\vendor\laravel\framework\src\Illuminate\Foundation\Application.php(775): Illuminate\Routing\Router->dispatch(Object(Illuminate\Http\Request))
#12 C:\xampp\htdocs\hmiv\vendor\laravel\framework\src\Illuminate\Foundation\Application.php(745): Illuminate\Foundation\Application->dispatch(Object(Illuminate\Http\Request))
#13 C:\xampp\htdocs\hmiv\vendor\laravel\framework\src\Illuminate\Session\Middleware.php(72): Illuminate\Foundation\Application->handle(Object(Illuminate\Http\Request), 1, true)
#14 C:\xampp\htdocs\hmiv\vendor\laravel\framework\src\Illuminate\Cookie\Queue.php(47): Illuminate\Session\Middleware->handle(Object(Illuminate\Http\Request), 1, true)
#15 C:\xampp\htdocs\hmiv\vendor\laravel\framework\src\Illuminate\Cookie\Guard.php(51): Illuminate\Cookie\Queue->handle(Object(Illuminate\Http\Request), 1, true)
#16 C:\xampp\htdocs\hmiv\vendor\stack\builder\src\Stack\StackedHttpKernel.php(23): Illuminate\Cookie\Guard->handle(Object(Illuminate\Http\Request), 1, true)
#17 C:\xampp\htdocs\hmiv\vendor\laravel\framework\src\Illuminate\Foundation\Application.php(641): Stack\StackedHttpKernel->handle(Object(Illuminate\Http\Request))
#18 C:\xampp\htdocs\hmiv\public\index.php(49): Illuminate\Foundation\Application->run()
#19 {main} [] []
